<?xml version="1.0" encoding="UTF-8"?>
<!-- Generated by org.testng.reporters.JUnitReportReporter -->
<testsuite hostname="MAHI" name="com.mercury.tests.MercurySignInTest" tests="1" failures="0" timestamp="31 Aug 2017 02:49:30 GMT" time="71.044" errors="0">
  <testcase name="tc001_login" time="71.044" classname="com.mercury.tests.MercurySignInTest"/>
</testsuite> <!-- com.mercury.tests.MercurySignInTest -->
