<?xml version="1.0" encoding="UTF-8"?>
<!-- Generated by org.testng.reporters.JUnitReportReporter -->
<testsuite skipped="0" hostname="LAPTOP-OU2JIO6I" name="com.mercury.tests.MercurySignInTest" tests="1" failures="0" timestamp="11 Sep 2017 13:54:47 GMT" time="23.727" errors="0">
  <testcase name="tc001_login" time="23.727" classname="com.mercury.tests.MercurySignInTest"/>
</testsuite> <!-- com.mercury.tests.MercurySignInTest -->
